0 info it worked if it ends with ok
1 verbose cli [ '/usr/local/bin/node',
1 verbose cli   '/usr/local/bin/npm',
1 verbose cli   'install',
1 verbose cli   '--save',
1 verbose cli   'md5' ]
2 info using npm@2.14.2
3 info using node@v4.0.0
4 verbose install initial load of /Users/rfuosseu/workspace/Chat/package.json
5 warn package.json node@0.1.0 No description
6 warn package.json node@0.1.0 No repository field.
7 warn package.json node@0.1.0 No README data
8 warn package.json node@0.1.0 No license field.
9 verbose installManyTop reading scoped package data from /Users/rfuosseu/workspace/Chat/node_modules/abbrev/package.json
10 verbose installManyTop reading scoped package data from /Users/rfuosseu/workspace/Chat/node_modules/accepts/package.json
11 verbose installManyTop reading scoped package data from /Users/rfuosseu/workspace/Chat/node_modules/array-flatten/package.json
12 verbose installManyTop reading scoped package data from /Users/rfuosseu/workspace/Chat/node_modules/balanced-match/package.json
13 verbose installManyTop reading scoped package data from /Users/rfuosseu/workspace/Chat/node_modules/base64-url/package.json
14 verbose installManyTop reading scoped package data from /Users/rfuosseu/workspace/Chat/node_modules/bignumber.js/package.json
15 verbose installManyTop reading scoped package data from /Users/rfuosseu/workspace/Chat/node_modules/body-parser/package.json
16 verbose installManyTop reading scoped package data from /Users/rfuosseu/workspace/Chat/node_modules/brace-expansion/package.json
17 verbose installManyTop reading scoped package data from /Users/rfuosseu/workspace/Chat/node_modules/bytes/package.json
18 verbose installManyTop reading scoped package data from /Users/rfuosseu/workspace/Chat/node_modules/cli/package.json
19 verbose installManyTop reading scoped package data from /Users/rfuosseu/workspace/Chat/node_modules/commander/package.json
20 verbose installManyTop reading scoped package data from /Users/rfuosseu/workspace/Chat/node_modules/concat-map/package.json
21 verbose installManyTop reading scoped package data from /Users/rfuosseu/workspace/Chat/node_modules/config-chain/package.json
22 verbose installManyTop reading scoped package data from /Users/rfuosseu/workspace/Chat/node_modules/content-disposition/package.json
23 verbose installManyTop reading scoped package data from /Users/rfuosseu/workspace/Chat/node_modules/content-type/package.json
24 verbose installManyTop reading scoped package data from /Users/rfuosseu/workspace/Chat/node_modules/cookie/package.json
25 verbose installManyTop reading scoped package data from /Users/rfuosseu/workspace/Chat/node_modules/cookie-signature/package.json
26 verbose installManyTop reading scoped package data from /Users/rfuosseu/workspace/Chat/node_modules/core-util-is/package.json
27 verbose installManyTop reading scoped package data from /Users/rfuosseu/workspace/Chat/node_modules/crc/package.json
28 verbose installManyTop reading scoped package data from /Users/rfuosseu/workspace/Chat/node_modules/debug/package.json
29 verbose installManyTop reading scoped package data from /Users/rfuosseu/workspace/Chat/node_modules/deep-equal/package.json
30 verbose installManyTop reading scoped package data from /Users/rfuosseu/workspace/Chat/node_modules/depd/package.json
31 verbose installManyTop reading scoped package data from /Users/rfuosseu/workspace/Chat/node_modules/destroy/package.json
32 verbose installManyTop reading scoped package data from /Users/rfuosseu/workspace/Chat/node_modules/diff/package.json
33 verbose installManyTop reading scoped package data from /Users/rfuosseu/workspace/Chat/node_modules/ee-first/package.json
34 verbose installManyTop reading scoped package data from /Users/rfuosseu/workspace/Chat/node_modules/encodeurl/package.json
35 verbose installManyTop reading scoped package data from /Users/rfuosseu/workspace/Chat/node_modules/escape-html/package.json
36 verbose installManyTop reading scoped package data from /Users/rfuosseu/workspace/Chat/node_modules/etag/package.json
37 verbose installManyTop reading scoped package data from /Users/rfuosseu/workspace/Chat/node_modules/express/package.json
38 verbose installManyTop reading scoped package data from /Users/rfuosseu/workspace/Chat/node_modules/express-session/package.json
39 verbose installManyTop reading scoped package data from /Users/rfuosseu/workspace/Chat/node_modules/finalhandler/package.json
40 verbose installManyTop reading scoped package data from /Users/rfuosseu/workspace/Chat/node_modules/foreachasync/package.json
41 verbose installManyTop reading scoped package data from /Users/rfuosseu/workspace/Chat/node_modules/forwarded/package.json
42 verbose installManyTop reading scoped package data from /Users/rfuosseu/workspace/Chat/node_modules/fresh/package.json
43 verbose installManyTop reading scoped package data from /Users/rfuosseu/workspace/Chat/node_modules/glob/package.json
44 verbose installManyTop reading scoped package data from /Users/rfuosseu/workspace/Chat/node_modules/graceful-fs/package.json
45 verbose installManyTop reading scoped package data from /Users/rfuosseu/workspace/Chat/node_modules/growl/package.json
46 verbose installManyTop reading scoped package data from /Users/rfuosseu/workspace/Chat/node_modules/http-errors/package.json
47 verbose installManyTop reading scoped package data from /Users/rfuosseu/workspace/Chat/node_modules/iconv-lite/package.json
48 verbose installManyTop reading scoped package data from /Users/rfuosseu/workspace/Chat/node_modules/inherits/package.json
49 verbose installManyTop reading scoped package data from /Users/rfuosseu/workspace/Chat/node_modules/ini/package.json
50 verbose installManyTop reading scoped package data from /Users/rfuosseu/workspace/Chat/node_modules/ipaddr.js/package.json
51 verbose installManyTop reading scoped package data from /Users/rfuosseu/workspace/Chat/node_modules/isarray/package.json
52 verbose installManyTop reading scoped package data from /Users/rfuosseu/workspace/Chat/node_modules/jade/package.json
53 verbose installManyTop reading scoped package data from /Users/rfuosseu/workspace/Chat/node_modules/js-beautify/package.json
54 verbose installManyTop reading scoped package data from /Users/rfuosseu/workspace/Chat/node_modules/lru-cache/package.json
55 verbose installManyTop reading scoped package data from /Users/rfuosseu/workspace/Chat/node_modules/media-typer/package.json
56 verbose installManyTop reading scoped package data from /Users/rfuosseu/workspace/Chat/node_modules/merge-descriptors/package.json
57 verbose installManyTop reading scoped package data from /Users/rfuosseu/workspace/Chat/node_modules/methods/package.json
58 verbose installManyTop reading scoped package data from /Users/rfuosseu/workspace/Chat/node_modules/mime/package.json
59 verbose installManyTop reading scoped package data from /Users/rfuosseu/workspace/Chat/node_modules/mime-db/package.json
60 verbose installManyTop reading scoped package data from /Users/rfuosseu/workspace/Chat/node_modules/mime-types/package.json
61 verbose installManyTop reading scoped package data from /Users/rfuosseu/workspace/Chat/node_modules/minimatch/package.json
62 verbose installManyTop reading scoped package data from /Users/rfuosseu/workspace/Chat/node_modules/mkdirp/package.json
63 verbose installManyTop reading scoped package data from /Users/rfuosseu/workspace/Chat/node_modules/mocha/package.json
64 verbose installManyTop reading scoped package data from /Users/rfuosseu/workspace/Chat/node_modules/ms/package.json
65 verbose installManyTop reading scoped package data from /Users/rfuosseu/workspace/Chat/node_modules/mysql/package.json
66 verbose installManyTop reading scoped package data from /Users/rfuosseu/workspace/Chat/node_modules/negotiator/package.json
67 verbose installManyTop reading scoped package data from /Users/rfuosseu/workspace/Chat/node_modules/nopt/package.json
68 verbose installManyTop reading scoped package data from /Users/rfuosseu/workspace/Chat/node_modules/on-finished/package.json
69 verbose installManyTop reading scoped package data from /Users/rfuosseu/workspace/Chat/node_modules/on-headers/package.json
70 verbose installManyTop reading scoped package data from /Users/rfuosseu/workspace/Chat/node_modules/parseurl/package.json
71 verbose installManyTop reading scoped package data from /Users/rfuosseu/workspace/Chat/node_modules/path-to-regexp/package.json
72 verbose installManyTop reading scoped package data from /Users/rfuosseu/workspace/Chat/node_modules/phpjs/package.json
73 verbose installManyTop reading scoped package data from /Users/rfuosseu/workspace/Chat/node_modules/proto-list/package.json
74 verbose installManyTop reading scoped package data from /Users/rfuosseu/workspace/Chat/node_modules/proxy-addr/package.json
75 verbose installManyTop reading scoped package data from /Users/rfuosseu/workspace/Chat/node_modules/qs/package.json
76 verbose installManyTop reading scoped package data from /Users/rfuosseu/workspace/Chat/node_modules/random-bytes/package.json
77 verbose installManyTop reading scoped package data from /Users/rfuosseu/workspace/Chat/node_modules/range-parser/package.json
78 verbose installManyTop reading scoped package data from /Users/rfuosseu/workspace/Chat/node_modules/raw-body/package.json
79 verbose installManyTop reading scoped package data from /Users/rfuosseu/workspace/Chat/node_modules/readable-stream/package.json
80 verbose installManyTop reading scoped package data from /Users/rfuosseu/workspace/Chat/node_modules/send/package.json
81 verbose installManyTop reading scoped package data from /Users/rfuosseu/workspace/Chat/node_modules/serve-static/package.json
82 verbose installManyTop reading scoped package data from /Users/rfuosseu/workspace/Chat/node_modules/setprototypeof/package.json
83 verbose installManyTop reading scoped package data from /Users/rfuosseu/workspace/Chat/node_modules/sigmund/package.json
84 verbose installManyTop reading scoped package data from /Users/rfuosseu/workspace/Chat/node_modules/sqlstring/package.json
85 verbose installManyTop reading scoped package data from /Users/rfuosseu/workspace/Chat/node_modules/statuses/package.json
86 verbose installManyTop reading scoped package data from /Users/rfuosseu/workspace/Chat/node_modules/string_decoder/package.json
87 verbose installManyTop reading scoped package data from /Users/rfuosseu/workspace/Chat/node_modules/twig/package.json
88 verbose installManyTop reading scoped package data from /Users/rfuosseu/workspace/Chat/node_modules/type-is/package.json
89 verbose installManyTop reading scoped package data from /Users/rfuosseu/workspace/Chat/node_modules/uid-safe/package.json
90 verbose installManyTop reading scoped package data from /Users/rfuosseu/workspace/Chat/node_modules/underscore/package.json
91 verbose installManyTop reading scoped package data from /Users/rfuosseu/workspace/Chat/node_modules/unpipe/package.json
92 verbose installManyTop reading scoped package data from /Users/rfuosseu/workspace/Chat/node_modules/utils-merge/package.json
93 verbose installManyTop reading scoped package data from /Users/rfuosseu/workspace/Chat/node_modules/vary/package.json
94 verbose installManyTop reading scoped package data from /Users/rfuosseu/workspace/Chat/node_modules/walk/package.json
95 info package.json commander@2.0.0 No license field.
96 info package.json cli@0.4.4-2 No license field.
97 info package.json config-chain@1.1.11 No license field.
98 info package.json diff@1.0.7 No license field.
99 info package.json foreachasync@3.0.0 license should be a valid SPDX license expression
100 info package.json glob@3.2.1 license should be a valid SPDX license expression
101 info package.json graceful-fs@1.2.3 license should be a valid SPDX license expression
102 info package.json growl@1.7.0 No repository field.
103 info package.json growl@1.7.0 No license field.
104 info package.json jade@0.26.3 No license field.
105 info package.json mime@1.3.4 No license field.
106 info package.json mocha@1.17.0 No license field.
107 info package.json ms@0.7.1 No license field.
108 info package.json nopt@2.1.2 license should be a valid SPDX license expression
109 info package.json phpjs@1.3.2 No license field.
110 info package.json string_decoder@0.10.31 string_decoder is also the name of a node core module.
111 info package.json twig@0.9.5 No license field.
112 info package.json underscore@1.5.2 No license field.
113 info package.json utils-merge@1.0.0 No license field.
114 info package.json walk@2.3.9 No license field.
115 verbose readDependencies loading dependencies from /Users/rfuosseu/workspace/Chat/package.json
116 silly cache add args [ 'md5', null ]
117 verbose cache add spec md5
118 silly cache add parsed spec Result {
118 silly cache add   raw: 'md5',
118 silly cache add   scope: null,
118 silly cache add   name: 'md5',
118 silly cache add   rawSpec: '',
118 silly cache add   spec: '*',
118 silly cache add   type: 'range' }
119 silly addNamed md5@*
120 verbose addNamed "*" is a valid semver range for md5
121 silly addNameRange { name: 'md5', range: '*', hasData: false }
122 silly mapToRegistry name md5
123 silly mapToRegistry using default registry
124 silly mapToRegistry registry https://registry.npmjs.org/
125 silly mapToRegistry uri https://registry.npmjs.org/md5
126 verbose addNameRange registry:https://registry.npmjs.org/md5 not in flight; fetching
127 verbose request uri https://registry.npmjs.org/md5
128 verbose request no auth needed
129 info attempt registry request try #1 at 13:56:48
130 verbose request id a333fc7085d7e04d
131 http request GET https://registry.npmjs.org/md5
132 info retry will retry, error on last attempt: Error: tunneling socket could not be established, cause=getaddrinfo ENOTFOUND proxy.gdfsuez.net proxy.gdfsuez.net:8080
133 info attempt registry request try #2 at 13:56:58
134 http request GET https://registry.npmjs.org/md5
135 info retry will retry, error on last attempt: Error: tunneling socket could not be established, cause=getaddrinfo ENOTFOUND proxy.gdfsuez.net proxy.gdfsuez.net:8080
136 info attempt registry request try #3 at 13:57:58
137 http request GET https://registry.npmjs.org/md5
138 verbose stack Error: tunneling socket could not be established, cause=getaddrinfo ENOTFOUND proxy.gdfsuez.net proxy.gdfsuez.net:8080
138 verbose stack     at ClientRequest.onError (/usr/local/lib/node_modules/npm/node_modules/request/node_modules/tunnel-agent/index.js:174:17)
138 verbose stack     at ClientRequest.g (events.js:260:16)
138 verbose stack     at emitOne (events.js:77:13)
138 verbose stack     at ClientRequest.emit (events.js:169:7)
138 verbose stack     at Socket.socketErrorListener (_http_client.js:259:9)
138 verbose stack     at emitOne (events.js:77:13)
138 verbose stack     at Socket.emit (events.js:169:7)
138 verbose stack     at connectErrorNT (net.js:993:8)
138 verbose stack     at doNTCallback2 (node.js:429:9)
138 verbose stack     at process._tickCallback (node.js:343:17)
139 verbose cwd /Users/rfuosseu/workspace/Chat
140 error Darwin 14.5.0
141 error argv "/usr/local/bin/node" "/usr/local/bin/npm" "install" "--save" "md5"
142 error node v4.0.0
143 error npm  v2.14.2
144 error code ECONNRESET
145 error network tunneling socket could not be established, cause=getaddrinfo ENOTFOUND proxy.gdfsuez.net proxy.gdfsuez.net:8080
145 error network This is most likely not a problem with npm itself
145 error network and is related to network connectivity.
145 error network In most cases you are behind a proxy or have bad network settings.
145 error network
145 error network If you are behind a proxy, please make sure that the
145 error network 'proxy' config is set properly.  See: 'npm help config'
146 verbose exit [ 1, true ]
